#
# There is insufficient memory for the Java Runtime Environment to continue.
# Native memory allocation (malloc) failed to allocate 32744 bytes for ChunkPool::allocate
# Possible reasons:
#   The system is out of physical RAM or swap space
#   In 32 bit mode, the process size limit was hit
# Possible solutions:
#   Reduce memory load on the system
#   Increase physical memory or swap space
#   Check if swap backing store is full
#   Use 64 bit Java on a 64 bit OS
#   Decrease Java heap size (-Xmx/-Xms)
#   Decrease number of Java threads
#   Decrease Java thread stack sizes (-Xss)
#   Set larger code cache with -XX:ReservedCodeCacheSize=
# This output file may be truncated or incomplete.
#
#  Out of Memory Error (allocation.cpp:211), pid=18564, tid=18644
#
# JRE version: Java(TM) SE Runtime Environment (7.0_45-b18) (build 1.7.0_45-b18)
# Java VM: Java HotSpot(TM) 64-Bit Server VM (24.45-b08 mixed mode windows-amd64 compressed oops)
# Failed to write core dump. Minidumps are not enabled by default on client versions of Windows
#

---------------  T H R E A D  ---------------

Current thread (0x0000000002ab0800):  JavaThread "C2 CompilerThread0" daemon [_thread_in_native, id=18644, stack(0x000000000d7a0000,0x000000000d8a0000)]

Stack: [0x000000000d7a0000,0x000000000d8a0000]

Current CompileTask:
C2:2261384   43 % !         sun.java2d.d3d.D3DScreenUpdateManager::run @ 0 (267 bytes)


---------------  P R O C E S S  ---------------

Java Threads: ( => current thread )
  0x000000000d4d5800 JavaThread "D3D Screen Updater" daemon [_thread_in_native, id=18712, stack(0x0000000011390000,0x0000000011490000)]
  0x00000000029c0800 JavaThread "DestroyJavaVM" [_thread_blocked, id=18588, stack(0x0000000002830000,0x0000000002930000)]
  0x000000000d36e000 JavaThread "AWT-EventQueue-0" [_thread_blocked, id=18700, stack(0x0000000010bb0000,0x0000000010cb0000)]
  0x000000000d1e0800 JavaThread "AWT-Windows" daemon [_thread_in_native, id=18668, stack(0x000000000e100000,0x000000000e200000)]
  0x000000000d1e0000 JavaThread "AWT-Shutdown" [_thread_blocked, id=18664, stack(0x000000000e000000,0x000000000e100000)]
  0x000000000d1df000 JavaThread "Java2D Disposer" daemon [_thread_blocked, id=18660, stack(0x000000000df00000,0x000000000e000000)]
  0x0000000002ab7000 JavaThread "Service Thread" daemon [_thread_blocked, id=18652, stack(0x000000000d9a0000,0x000000000daa0000)]
  0x0000000002ab5800 JavaThread "C2 CompilerThread1" daemon [_thread_blocked, id=18648, stack(0x000000000d8a0000,0x000000000d9a0000)]
=>0x0000000002ab0800 JavaThread "C2 CompilerThread0" daemon [_thread_in_native, id=18644, stack(0x000000000d7a0000,0x000000000d8a0000)]
  0x0000000002aad800 JavaThread "Attach Listener" daemon [_thread_blocked, id=18640, stack(0x000000000d6a0000,0x000000000d7a0000)]
  0x000000000d1c0800 JavaThread "Signal Dispatcher" daemon [_thread_blocked, id=18636, stack(0x000000000d5a0000,0x000000000d6a0000)]
  0x000000000b1ce800 JavaThread "Finalizer" daemon [_thread_blocked, id=18632, stack(0x000000000d0a0000,0x000000000d1a0000)]
  0x000000000b1c7800 JavaThread "Reference Handler" daemon [_thread_blocked, id=18628, stack(0x000000000cfa0000,0x000000000d0a0000)]

Other Threads:
  0x000000000b1c5800 VMThread [stack: 0x000000000cea0000,0x000000000cfa0000] [id=18624]
  0x0000000002abb000 WatcherThread [stack: 0x000000000daa0000,0x000000000dba0000] [id=18656]

VM state:not at safepoint (normal execution)

VM Mutex/Monitor currently owned by a thread: None

Heap
 PSYoungGen      total 38400K, used 7322K [0x00000007d5a80000, 0x00000007d8500000, 0x0000000800000000)
  eden space 33280K, 22% used [0x00000007d5a80000,0x00000007d61a69d0,0x00000007d7b00000)
  from space 5120K, 0% used [0x00000007d8000000,0x00000007d8000000,0x00000007d8500000)
  to   space 5120K, 0% used [0x00000007d7b00000,0x00000007d7b00000,0x00000007d8000000)
 ParOldGen       total 86528K, used 0K [0x0000000781000000, 0x0000000786480000, 0x00000007d5a80000)
  object space 86528K, 0% used [0x0000000781000000,0x0000000781000000,0x0000000786480000)
 PSPermGen       total 21504K, used 9891K [0x000000077be00000, 0x000000077d300000, 0x0000000781000000)
  object space 21504K, 46% used [0x000000077be00000,0x000000077c7a8f88,0x000000077d300000)

Card table byte_map: [0x0000000005ac0000,0x0000000005ef0000] byte_map_base: 0x0000000001ee1000

Polling page: 0x0000000000f00000

Code Cache  [0x0000000002ac0000, 0x0000000002d30000, 0x0000000005ac0000)
 total_blobs=448 nmethods=42 adapters=358 free_code_cache=48581Kb largest_free_block=49728128

Compilation events (10 events):
Event: 984.340 Thread 0x0000000002ab0800 nmethod 37 0x0000000002b45e90 code [0x0000000002b45fe0, 0x0000000002b464b8]
Event: 993.875 Thread 0x0000000002ab5800   39             sun.java2d.d3d.D3DSurfaceData$D3DWindowSurfaceData::isDirty (18 bytes)
Event: 993.875 Thread 0x0000000002ab0800   40             sun.java2d.StateTrackableDelegate$1::isCurrent (17 bytes)
Event: 993.876 Thread 0x0000000002ab0800 nmethod 40 0x0000000002b46850 code [0x0000000002b46980, 0x0000000002b46a18]
Event: 993.876 Thread 0x0000000002ab5800 nmethod 39 0x0000000002b45b90 code [0x0000000002b45ce0, 0x0000000002b45d98]
Event: 1286.193 Thread 0x0000000002ab0800   41 % !         sun.java2d.d3d.D3DScreenUpdateManager::run @ 105 (267 bytes)
Event: 1286.215 Thread 0x0000000002ab0800 nmethod 41% 0x0000000002b4f750 code [0x0000000002b4f920, 0x0000000002b506c0]
Event: 2260.620 Thread 0x0000000002ab5800   42             sun.java2d.StateTrackableDelegate::markDirty (6 bytes)
Event: 2260.620 Thread 0x0000000002ab5800 nmethod 42 0x0000000002b46ad0 code [0x0000000002b46c00, 0x0000000002b46c58]
Event: 2260.649 Thread 0x0000000002ab0800   43 % !         sun.java2d.d3d.D3DScreenUpdateManager::run @ 0 (267 bytes)

GC Heap History (0 events):
No events

Deoptimization events (1 events):
Event: 2260.622 Thread 0x000000000d4d5800 Uncommon trap: reason=unreached action=reinterpret pc=0x0000000002b50234 method=sun.java2d.StateTrackableDelegate$1.isCurrent()Z @ 8

Internal exceptions (10 events):
Event: 0.063 Thread 0x00000000029c0800 Threw 0x00000007d5afa3e0 at C:\re\jdk7u45\229\hotspot\src\share\vm\prims\jvm.cpp:1244
Event: 0.065 Thread 0x00000000029c0800 Threw 0x00000007d5afba48 at C:\re\jdk7u45\229\hotspot\src\share\vm\prims\jni.cpp:717
Event: 0.071 Thread 0x00000000029c0800 Threw 0x00000007d5b07198 at C:\re\jdk7u45\229\hotspot\src\share\vm\prims\jvm.cpp:1244
Event: 0.072 Thread 0x00000000029c0800 Threw 0x00000007d5b0d650 at C:\re\jdk7u45\229\hotspot\src\share\vm\prims\jvm.cpp:1244
Event: 0.073 Thread 0x00000000029c0800 Threw 0x00000007d5b0f528 at C:\re\jdk7u45\229\hotspot\src\share\vm\prims\jvm.cpp:1244
Event: 0.086 Thread 0x00000000029c0800 Threw 0x00000007d5b24388 at C:\re\jdk7u45\229\hotspot\src\share\vm\prims\jni.cpp:717
Event: 0.222 Thread 0x00000000029c0800 Threw 0x00000007d5b6c428 at C:\re\jdk7u45\229\hotspot\src\share\vm\prims\jvm.cpp:1244
Event: 0.222 Thread 0x00000000029c0800 Threw 0x00000007d5b6d288 at C:\re\jdk7u45\229\hotspot\src\share\vm\prims\jvm.cpp:1244
Event: 0.224 Thread 0x00000000029c0800 Threw 0x00000007d5b712c8 at C:\re\jdk7u45\229\hotspot\src\share\vm\prims\jvm.cpp:1244
Event: 0.224 Thread 0x00000000029c0800 Threw 0x00000007d5b72128 at C:\re\jdk7u45\229\hotspot\src\share\vm\prims\jvm.cpp:1244

Events (10 events):
Event: 11.934 loading class 0x000000000d2189b0 done
Event: 11.934 loading class 0x000000000d211930
Event: 11.934 loading class 0x000000000d211930 done
Event: 11.934 loading class 0x000000000d213260
Event: 11.934 loading class 0x000000000d213260 done
Event: 12.134 loading class 0x000000000d201730
Event: 12.135 loading class 0x000000000d201730 done
Event: 2260.622 Thread 0x000000000d4d5800 Uncommon trap: trap_request=0xffffffad fr.pc=0x0000000002b50234
Event: 2260.622 Thread 0x000000000d4d5800 DEOPT PACKING pc=0x0000000002b50234 sp=0x000000001148f770
Event: 2260.622 Thread 0x000000000d4d5800 DEOPT UNPACKING pc=0x0000000002af75a4 sp=0x000000001148f658 mode 2


Dynamic libraries:
0x000007f6bfeb0000 - 0x000007f6bfee3000 	C:\Program Files\Java\jre7\bin\javaw.exe
0x000007fd2e840000 - 0x000007fd2ea00000 	C:\Windows\SYSTEM32\ntdll.dll
0x000007fd2d000000 - 0x000007fd2d136000 	C:\Windows\system32\KERNEL32.DLL
0x000007fd2bab0000 - 0x000007fd2bba3000 	C:\Windows\system32\KERNELBASE.dll
0x000007fd2e760000 - 0x000007fd2e83e000 	C:\Windows\system32\ADVAPI32.dll
0x000007fd2bcb0000 - 0x000007fd2bdfc000 	C:\Windows\system32\USER32.dll
0x000007fd29600000 - 0x000007fd2986a000 	C:\Windows\WinSxS\amd64_microsoft.windows.common-controls_6595b64144ccf1df_6.0.9200.16579_none_418ab7ef718b27ef\COMCTL32.dll
0x000007fd2d140000 - 0x000007fd2d1e5000 	C:\Windows\system32\msvcrt.dll
0x000007fd2c3f0000 - 0x000007fd2c438000 	C:\Windows\SYSTEM32\sechost.dll
0x000007fd2c710000 - 0x000007fd2c855000 	C:\Windows\system32\RPCRT4.dll
0x000007fd2bed0000 - 0x000007fd2c011000 	C:\Windows\system32\GDI32.dll
0x000007fd2e550000 - 0x000007fd2e589000 	C:\Windows\system32\IMM32.DLL
0x000007fd2caf0000 - 0x000007fd2cc06000 	C:\Windows\system32\MSCTF.dll
0x00000000648f0000 - 0x00000000649c2000 	C:\Program Files\Java\jre7\bin\msvcr100.dll
0x0000000064120000 - 0x00000000648e9000 	C:\Program Files\Java\jre7\bin\server\jvm.dll
0x000007fd27ac0000 - 0x000007fd27ac9000 	C:\Windows\SYSTEM32\WSOCK32.dll
0x000007fd2a000000 - 0x000007fd2a020000 	C:\Windows\SYSTEM32\WINMM.dll
0x000007fd2ce20000 - 0x000007fd2ce27000 	C:\Windows\system32\PSAPI.DLL
0x000007fd2e4d0000 - 0x000007fd2e528000 	C:\Windows\system32\WS2_32.dll
0x000007fd29d80000 - 0x000007fd29db3000 	C:\Windows\SYSTEM32\WINMMBASE.dll
0x000007fd2c440000 - 0x000007fd2c449000 	C:\Windows\system32\NSI.dll
0x000007fd2bbb0000 - 0x000007fd2bbff000 	C:\Windows\SYSTEM32\cfgmgr32.dll
0x000007fd2bc00000 - 0x000007fd2bc22000 	C:\Windows\system32\DEVOBJ.dll
0x0000000064110000 - 0x000000006411f000 	C:\Program Files\Java\jre7\bin\verify.dll
0x00000000640e0000 - 0x0000000064108000 	C:\Program Files\Java\jre7\bin\java.dll
0x00000000640c0000 - 0x00000000640d5000 	C:\Program Files\Java\jre7\bin\zip.dll
0x0000000063980000 - 0x0000000063b15000 	C:\Program Files\Java\jre7\bin\awt.dll
0x000007fd2be00000 - 0x000007fd2bec3000 	C:\Windows\system32\OLEAUT32.dll
0x000007fd2c4f0000 - 0x000007fd2c6a0000 	C:\Windows\system32\combase.dll
0x000007fd24000000 - 0x000007fd2409f000 	C:\Windows\system32\apphelp.dll
0x000007fd29a40000 - 0x000007fd29a61000 	C:\Windows\system32\DWMAPI.DLL
0x000007fd2a4d0000 - 0x000007fd2a5b6000 	C:\Windows\system32\uxtheme.dll
0x000007fd12c90000 - 0x000007fd12d65000 	C:\Program Files\Hewlett-Packard\HP ProtectTools Security Manager\Bin\DpoFeedb.dll
0x000007fd2aa70000 - 0x000007fd2aa79000 	C:\Windows\SYSTEM32\VERSION.dll
0x000007fd2ace0000 - 0x000007fd2acff000 	C:\Windows\SYSTEM32\USERENV.dll
0x000007fd2b6f0000 - 0x000007fd2b705000 	C:\Windows\SYSTEM32\profapi.dll
0x000007fd1c6e0000 - 0x000007fd1c775000 	C:\Program Files\Common Files\microsoft shared\ink\tiptsf.dll
0x000007fd2ce30000 - 0x000007fd2cfae000 	C:\Windows\system32\ole32.dll
0x000007fd2b530000 - 0x000007fd2b53a000 	C:\Windows\SYSTEM32\CRYPTBASE.dll
0x000007fd2b4d0000 - 0x000007fd2b52c000 	C:\Windows\SYSTEM32\bcryptPrimitives.dll
0x000007fd13700000 - 0x000007fd13757000 	C:\Program Files\Hewlett-Packard\HP ProtectTools Security Manager\Bin\DpoSet.dll
0x000007fd2cfb0000 - 0x000007fd2d000000 	C:\Windows\system32\SHLWAPI.dll
0x000007fd19b10000 - 0x000007fd19d10000 	C:\Windows\system32\d3d9.dll
0x000007fd28b80000 - 0x000007fd28c9c000 	C:\Windows\SYSTEM32\aticfx64.dll
0x000007fd1a840000 - 0x000007fd1a860000 	C:\Windows\SYSTEM32\atiu9p64.dll
0x000007fd07e20000 - 0x000007fd084d8000 	C:\Windows\SYSTEM32\atiumd64.dll
0x0000000063b70000 - 0x000000006403d000 	C:\Windows\SYSTEM32\atiumd6a.dll
0x000007fd2d1f0000 - 0x000007fd2e4d0000 	C:\Windows\system32\SHELL32.dll
0x000007fd29c30000 - 0x000007fd29cc5000 	C:\Windows\SYSTEM32\shcore.dll
0x0000000063930000 - 0x0000000063976000 	C:\Program Files\Java\jre7\bin\fontmanager.dll
0x00000000640a0000 - 0x00000000640b9000 	C:\Program Files\Java\jre7\bin\net.dll
0x000007fd2af00000 - 0x000007fd2af5c000 	C:\Windows\system32\mswsock.dll
0x0000000064080000 - 0x0000000064091000 	C:\Program Files\Java\jre7\bin\nio.dll
0x00000000638e0000 - 0x0000000063921000 	C:\Program Files\Java\jre7\bin\t2k.dll
0x000007fd1fe20000 - 0x000007fd1fe34000 	C:\Windows\system32\napinsp.dll
0x000007fd1fe40000 - 0x000007fd1fe58000 	C:\Windows\system32\pnrpnsp.dll
0x000007fd29870000 - 0x000007fd29886000 	C:\Windows\system32\NLAapi.dll
0x000007fd2ad40000 - 0x000007fd2add8000 	C:\Windows\SYSTEM32\DNSAPI.dll
0x000007fd1fe60000 - 0x000007fd1fe72000 	C:\Windows\System32\winrnr.dll
0x0000000065100000 - 0x0000000065126000 	C:\Program Files\Bonjour\mdnsNSP.dll
0x000007fd26aa0000 - 0x000007fd26aca000 	C:\Windows\SYSTEM32\Iphlpapi.DLL
0x000007fd26a90000 - 0x000007fd26a9a000 	C:\Windows\SYSTEM32\WINNSI.DLL
0x000007fd1fe80000 - 0x000007fd1fe94000 	C:\Windows\system32\wshbth.dll
0x000007fd1fea0000 - 0x000007fd1fea8000 	C:\Windows\System32\rasadhlp.dll
0x000007fd25190000 - 0x000007fd251f1000 	C:\Windows\System32\fwpuclnt.dll
0x000007fd27d40000 - 0x000007fd27d7f000 	C:\Program Files\WIDCOMM\Bluetooth Software\btmmhook.dll
0x000007fd2c450000 - 0x000007fd2c4e6000 	C:\Windows\SYSTEM32\clbcatq.dll
0x000007fd29240000 - 0x000007fd293d3000 	C:\Windows\SYSTEM32\WindowsCodecs.dll
0x000007fd28200000 - 0x000007fd28269000 	C:\Windows\SYSTEM32\oleacc.dll

VM Arguments:
jvm_args: -Dfile.encoding=Cp1252 
java_command: rolit.GUI
Launcher Type: SUN_STANDARD

Environment Variables:
PATH=C:\Windows;C:\Windows\system32;C:\Windows\system32\Wbem;C:\Program Files (x86)\Haskell\bin;C:\Program Files (x86)\Haskell Platform\2013.2.0.0\lib\extralibs\bin;C:\Program Files (x86)\Haskell Platform\2013.2.0.0\bin;C:\WinAVR-20100110\bin;C:\WinAVR-20100110\utils\bin;C:\PROGRAM FILES (X86)\AMD APP\BIN\X86_64;C:\PROGRAM FILES (X86)\AMD APP\BIN\X86;C:\PROGRAM FILES (X86)\INTEL\ICLS CLIENT\;C:\PROGRAM FILES\INTEL\ICLS CLIENT\;C:\Windows\SYSTEM32;C:\Windows;C:\Windows\SYSTEM32\WBEM;C:\Windows\SYSTEM32\WINDOWSPOWERSHELL\V1.0\;C:\PROGRAM FILES\INTEL\INTEL(R) MANAGEMENT ENGINE COMPONENTS\DAL;C:\PROGRAM FILES\INTEL\INTEL(R) MANAGEMENT ENGINE COMPONENTS\IPT;C:\PROGRAM FILES (X86)\INTEL\INTEL(R) MANAGEMENT ENGINE COMPONENTS\DAL;C:\PROGRAM FILES (X86)\INTEL\INTEL(R) MANAGEMENT ENGINE COMPONENTS\IPT;C:\PROGRAM FILES (X86)\ATI TECHNOLOGIES\ATI.ACE\CORE-STATIC;C:\PROGRAM FILES (X86)\HEWLETT-PACKARD\HP PROTECTTOOLS SECURITY MANAGER\BIN\;C:\Program Files\WIDCOMM\Bluetooth Software\;C:\Program Files\WIDCOMM\Bluetooth Software\syswow64;C:\Python33\;C:\Program Files\Intel\WiFi\bin\;C:\Program Files\Common Files\Intel\WirelessCommon\;C:\Program Files (x86)\Haskell Platform\2013.2.0.0\mingw\bin;C:\Program Files\Intel\Intel(R) Management Engine Components\DAL;C:\Program Files\Intel\Intel(R) Management Engine Components\IPT;C:\Program Files (x86)\Intel\Intel(R) Management Engine Components\DAL;C:\Program Files (x86)\Intel\Intel(R) Management Engine Components\IPT;C:\Program Files (x86)\Java\jdk1.7.0_45\bin;C:\Users\Josje\AppData\Roaming\cabal\bin;C:\Program Files\Intel\WiFi\bin\;C:\Program Files\Common Files\Intel\WirelessCommon\
USERNAME=Josje
OS=Windows_NT
PROCESSOR_IDENTIFIER=Intel64 Family 6 Model 58 Stepping 9, GenuineIntel



---------------  S Y S T E M  ---------------

OS: Windows 8 , 64 bit Build 9200 

CPU:total 8 (4 cores per cpu, 2 threads per core) family 6 model 58 stepping 9, cmov, cx8, fxsr, mmx, sse, sse2, sse3, ssse3, sse4.1, sse4.2, popcnt, avx, aes, erms, ht, tsc, tscinvbit, tscinv

Memory: 4k page, physical 8319560k(2198716k free), swap 33485384k(324028k free)

vm_info: Java HotSpot(TM) 64-Bit Server VM (24.45-b08) for windows-amd64 JRE (1.7.0_45-b18), built on Oct  8 2013 05:47:22 by "java_re" with unknown MS VC++:1600

time: Tue Jan 28 22:44:42 2014
elapsed time: 2260 seconds

